<?xml version="1.0" encoding="UTF-8"?>
<!-- Generated by org.testng.reporters.JUnitReportReporter -->
<testsuite name="MainTest.Testcase" tests="1" time="3.458" ignored="0" failures="0" timestamp="24 Feb 2018 06:45:06 GMT" skipped="0" hostname="hp-PC" errors="0">
  <testcase name="Executetestcase" time="3.458" classname="MainTest.Testcase"/>
</testsuite> <!-- MainTest.Testcase -->
