<?xml version="1.0" encoding="UTF-8"?>
<!-- Generated by org.testng.reporters.JUnitReportReporter -->
<testsuite name="MainTest.Testcase_DataProvider" tests="4" time="11.415" ignored="0" failures="0" timestamp="04 Jan 2018 08:41:32 GMT" skipped="0" hostname="hp-PC" errors="0">
  <testcase name="Executetestcase" time="2.642" classname="MainTest.Testcase_DataProvider"/>
  <testcase name="Executetestcase" time="2.670" classname="MainTest.Testcase_DataProvider"/>
  <testcase name="Executetestcase" time="3.325" classname="MainTest.Testcase_DataProvider"/>
  <testcase name="Executetestcase" time="2.778" classname="MainTest.Testcase_DataProvider"/>
</testsuite> <!-- MainTest.Testcase_DataProvider -->
